2022-09-14 12:50:03,356:INFO:Initializing load_model()
2022-09-14 12:50:03,357:INFO:load_model(model_name=deployment_28042020, platform=None, authentication=None, verbose=True)
2022-09-14 13:00:32,644:INFO:Initializing load_model()
2022-09-14 13:00:32,645:INFO:load_model(model_name=deployment_28042020, platform=None, authentication=None, verbose=True)
2022-09-14 19:58:03,559:INFO:Initializing load_model()
2022-09-14 19:58:03,560:INFO:load_model(model_name=deployment_28042020, platform=None, authentication=None, verbose=True)
2022-09-14 20:01:33,710:INFO:Initializing load_model()
2022-09-14 20:01:33,711:INFO:load_model(model_name=deployment_28042020, platform=None, authentication=None, verbose=True)
2022-09-14 20:06:46,422:INFO:PyCaret Supervised Module
2022-09-14 20:06:46,423:INFO:ML Usecase: regression
2022-09-14 20:06:46,423:INFO:version 2.3.10
2022-09-14 20:06:46,423:INFO:Initializing setup()
2022-09-14 20:06:46,423:INFO:setup(target=charges, ml_usecase=regression, available_plots={'parameter': 'Hyperparameters', 'residuals': 'Residuals', 'error': 'Prediction Error', 'cooks': 'Cooks Distance', 'rfe': 'Feature Selection', 'learning': 'Learning Curve', 'manifold': 'Manifold Learning', 'vc': 'Validation Curve', 'feature': 'Feature Importance', 'feature_all': 'Feature Importance (All)', 'tree': 'Decision Tree', 'residuals_interactive': 'Interactive Residuals'}, train_size=0.7, test_data=None, preprocess=True, imputation_type=simple, iterative_imputation_iters=5, categorical_features=None, categorical_imputation=constant, categorical_iterative_imputer=lightgbm, ordinal_features=None, high_cardinality_features=None, high_cardinality_method=frequency, numeric_features=None, numeric_imputation=mean, numeric_iterative_imputer=lightgbm, date_features=None, ignore_features=None, normalize=False, normalize_method=zscore, transformation=False, transformation_method=yeo-johnson, handle_unknown_categorical=True, unknown_categorical_method=least_frequent, pca=False, pca_method=linear, pca_components=None, ignore_low_variance=False, combine_rare_levels=False, rare_level_threshold=0.1, bin_numeric_features=None, remove_outliers=False, outliers_threshold=0.05, remove_multicollinearity=False, multicollinearity_threshold=0.9, remove_perfect_collinearity=True, create_clusters=False, cluster_iter=20, polynomial_features=False, polynomial_degree=2, trigonometry_features=False, polynomial_threshold=0.1, group_features=None, group_names=None, feature_selection=False, feature_selection_threshold=0.8, feature_selection_method=classic, feature_interaction=False, feature_ratio=False, interaction_threshold=0.01, fix_imbalance=False, fix_imbalance_method=None, transform_target=False, transform_target_method=box-cox, data_split_shuffle=True, data_split_stratify=False, fold_strategy=kfold, fold=10, fold_shuffle=False, fold_groups=None, n_jobs=-1, use_gpu=False, custom_pipeline=None, html=True, session_id=123, log_experiment=False, experiment_name=None, experiment_custom_tags=None, log_plots=False, log_profile=False, log_data=False, silent=False, verbose=True, profile=False, profile_kwargs=None, display=None)
2022-09-14 20:06:46,423:INFO:Checking environment
2022-09-14 20:06:46,423:INFO:python_version: 3.8.5
2022-09-14 20:06:46,424:INFO:python_build: ('default', 'Sep  3 2020 21:29:08')
2022-09-14 20:06:46,424:INFO:machine: AMD64
2022-09-14 20:06:46,424:INFO:platform: Windows-10-10.0.19041-SP0
2022-09-14 20:06:46,424:INFO:Memory: svmem(total=17015463936, available=1255186432, percent=92.6, used=15760277504, free=1255186432)
2022-09-14 20:06:46,425:INFO:Physical Core: 4
2022-09-14 20:06:46,425:INFO:Logical Core: 8
2022-09-14 20:06:46,425:INFO:Checking libraries
2022-09-14 20:06:46,425:INFO:pd==1.2.0
2022-09-14 20:06:46,425:INFO:numpy==1.19.2
2022-09-14 20:06:46,425:INFO:sklearn==0.23.2
2022-09-14 20:06:46,425:INFO:lightgbm==3.3.2
2022-09-14 20:06:46,427:WARNING:catboost not found
2022-09-14 20:06:46,539:INFO:xgboost==0.90
2022-09-14 20:06:46,539:INFO:mlflow==1.28.0
2022-09-14 20:06:46,539:INFO:Checking Exceptions
2022-09-14 20:06:46,539:INFO:Declaring global variables
2022-09-14 20:06:46,539:INFO:USI: a254
2022-09-14 20:06:46,540:INFO:pycaret_globals: {'fold_groups_param_full', '_internal_pipeline', 'imputation_regressor', 'experiment__', 'log_plots_param', '_ml_usecase', 'prep_pipe', '_available_plots', '_all_metrics', 'gpu_param', 'pycaret_globals', 'seed', 'display_container', 'fold_generator', 'fold_groups_param', 'X_test', 'X_train', 'X', 'transform_target_method_param', 'transform_target_param', 'imputation_classifier', '_all_models', 'iterative_imputation_iters_param', 'stratify_param', '_gpu_n_jobs_param', 'fix_imbalance_param', 'fold_shuffle_param', 'create_model_container', 'dashboard_logger', 'html_param', 'y_test', 'data_before_preprocess', 'master_model_container', 'logging_param', 'fix_imbalance_method_param', '_all_models_internal', 'y_train', 'target_param', 'fold_param', 'n_jobs_param', 'y', 'USI', 'exp_name_log'}
2022-09-14 20:06:46,540:INFO:Preparing display monitor
2022-09-14 20:06:46,540:INFO:Preparing display monitor
2022-09-14 20:06:46,562:INFO:Importing libraries
2022-09-14 20:06:46,562:INFO:Copying data for preprocessing
2022-09-14 20:06:46,569:INFO:Declaring preprocessing parameters
2022-09-14 20:06:46,575:INFO:Creating preprocessing pipeline
2022-09-14 20:06:46,598:INFO:Preprocessing pipeline created successfully
2022-09-14 20:06:46,598:ERROR:(Process Exit): setup has been interupted with user command 'quit'. setup must rerun.
2022-09-14 20:06:46,598:INFO:Creating global containers
2022-09-14 20:06:46,602:INFO:Internal pipeline: Pipeline(memory=None, steps=[('empty_step', 'passthrough')], verbose=False)
2022-09-14 20:07:04,101:WARNING:Wrong xgboost version. Expected xgboost>=1.1.0, got xgboost==0.90
2022-09-14 20:07:04,103:WARNING:Couldn't import catboost.CatBoostRegressor
2022-09-14 20:07:04,252:WARNING:Wrong xgboost version. Expected xgboost>=1.1.0, got xgboost==0.90
2022-09-14 20:07:04,254:WARNING:Couldn't import catboost.CatBoostRegressor
2022-09-14 20:07:04,255:INFO:Creating grid variables
2022-09-14 20:07:04,258:INFO:create_model_container: 0
2022-09-14 20:07:04,259:INFO:master_model_container: 0
2022-09-14 20:07:04,259:INFO:display_container: 1
2022-09-14 20:07:04,264:INFO:Pipeline(memory=None,
         steps=[('dtypes',
                 DataTypes_Auto_infer(categorical_features=[],
                                      display_types=True, features_todrop=[],
                                      id_columns=[], ml_usecase='regression',
                                      numerical_features=[], target='charges',
                                      time_features=[])),
                ('imputer',
                 Simple_Imputer(categorical_strategy='not_available',
                                fill_value_categorical=None,
                                fill_value_numerical=None,
                                numeric_strategy...
                ('scaling', 'passthrough'), ('P_transform', 'passthrough'),
                ('binn', 'passthrough'), ('rem_outliers', 'passthrough'),
                ('cluster_all', 'passthrough'),
                ('dummy', Dummify(target='charges')),
                ('fix_perfect', Remove_100(target='charges')),
                ('clean_names', Clean_Colum_Names()),
                ('feature_select', 'passthrough'), ('fix_multi', 'passthrough'),
                ('dfs', 'passthrough'), ('pca', 'passthrough')],
         verbose=False)
2022-09-14 20:07:04,264:INFO:setup() succesfully completed......................................
2022-09-14 20:07:04,345:INFO:Initializing create_model()
2022-09-14 20:07:04,345:INFO:create_model(estimator=lr, fold=None, round=4, cross_validation=True, predict=True, fit_kwargs=None, groups=None, refit=True, verbose=True, system=True, metrics=None, experiment_custom_tags=None, add_to_model_list=True, probability_threshold=None, display=None, return_train_score=False, kwargs={})
2022-09-14 20:07:04,345:INFO:Checking exceptions
2022-09-14 20:07:04,346:INFO:Preparing display monitor
2022-09-14 20:07:04,364:INFO:Importing libraries
2022-09-14 20:07:04,365:INFO:Copying training dataset
2022-09-14 20:07:04,365:INFO:Defining folds
2022-09-14 20:07:04,365:INFO:Declaring metric variables
2022-09-14 20:07:04,381:INFO:Importing untrained model
2022-09-14 20:07:04,398:INFO:Linear Regression Imported succesfully
2022-09-14 20:07:04,433:INFO:Starting cross validation
2022-09-14 20:07:04,444:INFO:Cross validating with KFold(n_splits=10, random_state=None, shuffle=False), n_jobs=-1
2022-09-14 20:07:24,911:INFO:Calculating mean and std
2022-09-14 20:07:24,912:INFO:Creating metrics dataframe
2022-09-14 20:07:24,976:INFO:Finalizing model
2022-09-14 20:07:25,012:INFO:Uploading results into container
2022-09-14 20:07:25,013:INFO:Uploading model into container now
2022-09-14 20:07:25,015:INFO:create_model_container: 1
2022-09-14 20:07:25,015:INFO:master_model_container: 1
2022-09-14 20:07:25,016:INFO:display_container: 2
2022-09-14 20:07:25,016:INFO:LinearRegression(copy_X=True, fit_intercept=True, n_jobs=-1, normalize=False)
2022-09-14 20:07:25,017:INFO:create_model() succesfully completed......................................
2022-09-14 20:07:25,168:INFO:Initializing plot_model()
2022-09-14 20:07:25,168:INFO:plot_model(fold=None, use_train_data=False, verbose=True, is_in_evaluate=False, display=None, display_format=None, estimator=LinearRegression(copy_X=True, fit_intercept=True, n_jobs=-1, normalize=False), feature_name=None, fit_kwargs=None, groups=None, label=False, plot=residuals, plot_kwargs=None, save=False, scale=1, system=True)
2022-09-14 20:07:25,169:INFO:Checking exceptions
2022-09-14 20:07:25,169:INFO:Preparing display monitor
2022-09-14 20:07:25,182:INFO:Preloading libraries
2022-09-14 20:07:25,183:INFO:Copying training dataset
2022-09-14 20:07:25,184:INFO:Copying test dataset
2022-09-14 20:07:25,185:INFO:Plot type: residuals
2022-09-14 20:07:25,917:INFO:Fitting Model
2022-09-14 20:07:26,221:INFO:Scoring test/hold-out set
2022-09-14 20:07:56,860:INFO:Visual Rendered Successfully
2022-09-14 20:07:57,042:INFO:plot_model() succesfully completed......................................
2022-09-14 20:07:57,042:INFO:PyCaret Supervised Module
2022-09-14 20:07:57,043:INFO:ML Usecase: regression
2022-09-14 20:07:57,043:INFO:version 2.3.10
2022-09-14 20:07:57,043:INFO:Initializing setup()
2022-09-14 20:07:57,043:INFO:setup(target=charges, ml_usecase=regression, available_plots={'parameter': 'Hyperparameters', 'residuals': 'Residuals', 'error': 'Prediction Error', 'cooks': 'Cooks Distance', 'rfe': 'Feature Selection', 'learning': 'Learning Curve', 'manifold': 'Manifold Learning', 'vc': 'Validation Curve', 'feature': 'Feature Importance', 'feature_all': 'Feature Importance (All)', 'tree': 'Decision Tree', 'residuals_interactive': 'Interactive Residuals'}, train_size=0.7, test_data=None, preprocess=True, imputation_type=simple, iterative_imputation_iters=5, categorical_features=None, categorical_imputation=constant, categorical_iterative_imputer=lightgbm, ordinal_features=None, high_cardinality_features=None, high_cardinality_method=frequency, numeric_features=None, numeric_imputation=mean, numeric_iterative_imputer=lightgbm, date_features=None, ignore_features=None, normalize=True, normalize_method=zscore, transformation=False, transformation_method=yeo-johnson, handle_unknown_categorical=True, unknown_categorical_method=least_frequent, pca=False, pca_method=linear, pca_components=None, ignore_low_variance=False, combine_rare_levels=False, rare_level_threshold=0.1, bin_numeric_features=['age', 'bmi'], remove_outliers=False, outliers_threshold=0.05, remove_multicollinearity=False, multicollinearity_threshold=0.9, remove_perfect_collinearity=True, create_clusters=False, cluster_iter=20, polynomial_features=True, polynomial_degree=2, trigonometry_features=True, polynomial_threshold=0.1, group_features=None, group_names=None, feature_selection=False, feature_selection_threshold=0.8, feature_selection_method=classic, feature_interaction=True, feature_ratio=False, interaction_threshold=0.01, fix_imbalance=False, fix_imbalance_method=None, transform_target=False, transform_target_method=box-cox, data_split_shuffle=True, data_split_stratify=False, fold_strategy=kfold, fold=10, fold_shuffle=False, fold_groups=None, n_jobs=-1, use_gpu=False, custom_pipeline=None, html=True, session_id=123, log_experiment=False, experiment_name=None, experiment_custom_tags=None, log_plots=False, log_profile=False, log_data=False, silent=False, verbose=True, profile=False, profile_kwargs=None, display=None)
2022-09-14 20:07:57,043:INFO:Checking environment
2022-09-14 20:07:57,044:INFO:python_version: 3.8.5
2022-09-14 20:07:57,044:INFO:python_build: ('default', 'Sep  3 2020 21:29:08')
2022-09-14 20:07:57,044:INFO:machine: AMD64
2022-09-14 20:07:57,044:INFO:platform: Windows-10-10.0.19041-SP0
2022-09-14 20:07:57,045:INFO:Memory: svmem(total=17015463936, available=425316352, percent=97.5, used=16590147584, free=425316352)
2022-09-14 20:07:57,045:INFO:Physical Core: 4
2022-09-14 20:07:57,045:INFO:Logical Core: 8
2022-09-14 20:07:57,046:INFO:Checking libraries
2022-09-14 20:07:57,046:INFO:pd==1.2.0
2022-09-14 20:07:57,046:INFO:numpy==1.19.2
2022-09-14 20:07:57,046:INFO:sklearn==0.23.2
2022-09-14 20:07:57,047:INFO:lightgbm==3.3.2
2022-09-14 20:07:57,050:WARNING:catboost not found
2022-09-14 20:07:57,051:INFO:xgboost==0.90
2022-09-14 20:07:57,051:INFO:mlflow==1.28.0
2022-09-14 20:07:57,052:INFO:Checking Exceptions
2022-09-14 20:07:57,052:INFO:Declaring global variables
2022-09-14 20:07:57,052:INFO:USI: efe2
2022-09-14 20:07:57,053:INFO:pycaret_globals: {'fold_groups_param_full', '_internal_pipeline', 'imputation_regressor', 'experiment__', 'log_plots_param', '_ml_usecase', 'prep_pipe', '_available_plots', '_all_metrics', 'gpu_param', 'pycaret_globals', 'seed', 'display_container', 'fold_generator', 'fold_groups_param', 'X_test', 'X_train', 'X', 'transform_target_method_param', 'transform_target_param', 'imputation_classifier', '_all_models', 'iterative_imputation_iters_param', 'stratify_param', '_gpu_n_jobs_param', 'fix_imbalance_param', 'fold_shuffle_param', 'create_model_container', 'dashboard_logger', 'html_param', 'y_test', 'data_before_preprocess', 'master_model_container', 'logging_param', 'fix_imbalance_method_param', '_all_models_internal', 'y_train', 'target_param', 'fold_param', 'n_jobs_param', 'y', 'USI', 'exp_name_log'}
2022-09-14 20:07:57,053:INFO:Preparing display monitor
2022-09-14 20:07:57,053:INFO:Preparing display monitor
2022-09-14 20:07:57,075:INFO:Importing libraries
2022-09-14 20:07:57,078:INFO:Copying data for preprocessing
2022-09-14 20:07:57,088:INFO:Declaring preprocessing parameters
2022-09-14 20:07:57,091:INFO:Creating preprocessing pipeline
2022-09-14 20:07:57,110:INFO:Preprocessing pipeline created successfully
2022-09-14 20:07:57,111:ERROR:(Process Exit): setup has been interupted with user command 'quit'. setup must rerun.
2022-09-14 20:07:57,111:INFO:Creating global containers
2022-09-14 20:07:57,112:INFO:Internal pipeline: Pipeline(memory=None, steps=[('empty_step', 'passthrough')], verbose=False)
2022-09-14 20:08:04,807:WARNING:Wrong xgboost version. Expected xgboost>=1.1.0, got xgboost==0.90
2022-09-14 20:08:04,809:WARNING:Couldn't import catboost.CatBoostRegressor
2022-09-14 20:08:05,056:WARNING:Wrong xgboost version. Expected xgboost>=1.1.0, got xgboost==0.90
2022-09-14 20:08:05,058:WARNING:Couldn't import catboost.CatBoostRegressor
2022-09-14 20:08:05,059:INFO:Creating grid variables
2022-09-14 20:08:05,064:INFO:create_model_container: 0
2022-09-14 20:08:05,064:INFO:master_model_container: 0
2022-09-14 20:08:05,064:INFO:display_container: 1
2022-09-14 20:08:05,077:INFO:Pipeline(memory=None,
         steps=[('dtypes',
                 DataTypes_Auto_infer(categorical_features=[],
                                      display_types=True, features_todrop=[],
                                      id_columns=[], ml_usecase='regression',
                                      numerical_features=[], target='charges',
                                      time_features=[])),
                ('imputer',
                 Simple_Imputer(categorical_strategy='not_available',
                                fill_value_categorical=None,
                                fill_value_numerical=None,
                                numeric_strategy...
                ('dummy', Dummify(target='charges')),
                ('fix_perfect', Remove_100(target='charges')),
                ('clean_names', Clean_Colum_Names()),
                ('feature_select', 'passthrough'), ('fix_multi', 'passthrough'),
                ('dfs',
                 DFS_Classic(interactions=['multiply'], ml_usecase='regression',
                             n_jobs=-1, random_state=123, subclass='binary',
                             target='charges',
                             top_features_to_pick_percentage=None)),
                ('pca', 'passthrough')],
         verbose=False)
2022-09-14 20:08:05,078:INFO:setup() succesfully completed......................................
2022-09-14 20:09:16,720:INFO:PyCaret Supervised Module
2022-09-14 20:09:16,720:INFO:ML Usecase: regression
2022-09-14 20:09:16,721:INFO:version 2.3.10
2022-09-14 20:09:16,721:INFO:Initializing setup()
2022-09-14 20:09:16,721:INFO:setup(target=charges, ml_usecase=regression, available_plots={'parameter': 'Hyperparameters', 'residuals': 'Residuals', 'error': 'Prediction Error', 'cooks': 'Cooks Distance', 'rfe': 'Feature Selection', 'learning': 'Learning Curve', 'manifold': 'Manifold Learning', 'vc': 'Validation Curve', 'feature': 'Feature Importance', 'feature_all': 'Feature Importance (All)', 'tree': 'Decision Tree', 'residuals_interactive': 'Interactive Residuals'}, train_size=0.7, test_data=None, preprocess=True, imputation_type=simple, iterative_imputation_iters=5, categorical_features=None, categorical_imputation=constant, categorical_iterative_imputer=lightgbm, ordinal_features=None, high_cardinality_features=None, high_cardinality_method=frequency, numeric_features=None, numeric_imputation=mean, numeric_iterative_imputer=lightgbm, date_features=None, ignore_features=None, normalize=False, normalize_method=zscore, transformation=False, transformation_method=yeo-johnson, handle_unknown_categorical=True, unknown_categorical_method=least_frequent, pca=False, pca_method=linear, pca_components=None, ignore_low_variance=False, combine_rare_levels=False, rare_level_threshold=0.1, bin_numeric_features=None, remove_outliers=False, outliers_threshold=0.05, remove_multicollinearity=False, multicollinearity_threshold=0.9, remove_perfect_collinearity=True, create_clusters=False, cluster_iter=20, polynomial_features=False, polynomial_degree=2, trigonometry_features=False, polynomial_threshold=0.1, group_features=None, group_names=None, feature_selection=False, feature_selection_threshold=0.8, feature_selection_method=classic, feature_interaction=False, feature_ratio=False, interaction_threshold=0.01, fix_imbalance=False, fix_imbalance_method=None, transform_target=False, transform_target_method=box-cox, data_split_shuffle=True, data_split_stratify=False, fold_strategy=kfold, fold=10, fold_shuffle=False, fold_groups=None, n_jobs=-1, use_gpu=False, custom_pipeline=None, html=True, session_id=123, log_experiment=False, experiment_name=None, experiment_custom_tags=None, log_plots=False, log_profile=False, log_data=False, silent=False, verbose=True, profile=False, profile_kwargs=None, display=None)
2022-09-14 20:09:16,721:INFO:Checking environment
2022-09-14 20:09:16,721:INFO:python_version: 3.8.5
2022-09-14 20:09:16,721:INFO:python_build: ('default', 'Sep  3 2020 21:29:08')
2022-09-14 20:09:16,721:INFO:machine: AMD64
2022-09-14 20:09:16,722:INFO:platform: Windows-10-10.0.19041-SP0
2022-09-14 20:09:16,722:INFO:Memory: svmem(total=17015463936, available=1607692288, percent=90.6, used=15407771648, free=1607692288)
2022-09-14 20:09:16,722:INFO:Physical Core: 4
2022-09-14 20:09:16,722:INFO:Logical Core: 8
2022-09-14 20:09:16,722:INFO:Checking libraries
2022-09-14 20:09:16,723:INFO:pd==1.2.0
2022-09-14 20:09:16,723:INFO:numpy==1.19.2
2022-09-14 20:09:16,723:INFO:sklearn==0.23.2
2022-09-14 20:09:16,723:INFO:lightgbm==3.3.2
2022-09-14 20:09:16,724:WARNING:catboost not found
2022-09-14 20:09:16,756:INFO:xgboost==0.90
2022-09-14 20:09:16,757:INFO:mlflow==1.28.0
2022-09-14 20:09:16,757:INFO:Checking Exceptions
2022-09-14 20:09:16,757:INFO:Declaring global variables
2022-09-14 20:09:16,757:INFO:USI: 540e
2022-09-14 20:09:16,757:INFO:pycaret_globals: {'y_train', '_internal_pipeline', 'transform_target_param', 'X', 'log_plots_param', 'fold_groups_param_full', 'fold_generator', 'imputation_classifier', '_all_metrics', 'n_jobs_param', 'transform_target_method_param', 'display_container', 'seed', 'X_train', 'y', 'gpu_param', 'fold_param', 'USI', 'imputation_regressor', 'fold_shuffle_param', 'fix_imbalance_param', 'data_before_preprocess', 'fix_imbalance_method_param', '_available_plots', 'y_test', 'create_model_container', 'iterative_imputation_iters_param', '_gpu_n_jobs_param', '_all_models_internal', 'prep_pipe', 'target_param', '_ml_usecase', '_all_models', 'experiment__', 'master_model_container', 'stratify_param', 'X_test', 'dashboard_logger', 'exp_name_log', 'html_param', 'fold_groups_param', 'pycaret_globals', 'logging_param'}
2022-09-14 20:09:16,758:INFO:Preparing display monitor
2022-09-14 20:09:16,758:INFO:Preparing display monitor
2022-09-14 20:09:16,773:INFO:Importing libraries
2022-09-14 20:09:16,774:INFO:Copying data for preprocessing
2022-09-14 20:09:16,783:INFO:Declaring preprocessing parameters
2022-09-14 20:09:16,785:INFO:Creating preprocessing pipeline
2022-09-14 20:09:16,795:INFO:Preprocessing pipeline created successfully
2022-09-14 20:09:16,795:ERROR:(Process Exit): setup has been interupted with user command 'quit'. setup must rerun.
2022-09-14 20:09:16,795:INFO:Creating global containers
2022-09-14 20:09:16,798:INFO:Internal pipeline: Pipeline(memory=None, steps=[('empty_step', 'passthrough')], verbose=False)
2022-09-14 20:09:21,308:WARNING:Wrong xgboost version. Expected xgboost>=1.1.0, got xgboost==0.90
2022-09-14 20:09:21,310:WARNING:Couldn't import catboost.CatBoostRegressor
2022-09-14 20:09:21,500:WARNING:Wrong xgboost version. Expected xgboost>=1.1.0, got xgboost==0.90
2022-09-14 20:09:21,502:WARNING:Couldn't import catboost.CatBoostRegressor
2022-09-14 20:09:21,503:INFO:Creating grid variables
2022-09-14 20:09:21,512:INFO:create_model_container: 0
2022-09-14 20:09:21,512:INFO:master_model_container: 0
2022-09-14 20:09:21,513:INFO:display_container: 1
2022-09-14 20:09:21,526:INFO:Pipeline(memory=None,
         steps=[('dtypes',
                 DataTypes_Auto_infer(categorical_features=[],
                                      display_types=True, features_todrop=[],
                                      id_columns=[], ml_usecase='regression',
                                      numerical_features=[], target='charges',
                                      time_features=[])),
                ('imputer',
                 Simple_Imputer(categorical_strategy='not_available',
                                fill_value_categorical=None,
                                fill_value_numerical=None,
                                numeric_strategy...
                ('scaling', 'passthrough'), ('P_transform', 'passthrough'),
                ('binn', 'passthrough'), ('rem_outliers', 'passthrough'),
                ('cluster_all', 'passthrough'),
                ('dummy', Dummify(target='charges')),
                ('fix_perfect', Remove_100(target='charges')),
                ('clean_names', Clean_Colum_Names()),
                ('feature_select', 'passthrough'), ('fix_multi', 'passthrough'),
                ('dfs', 'passthrough'), ('pca', 'passthrough')],
         verbose=False)
2022-09-14 20:09:21,526:INFO:setup() succesfully completed......................................
2022-09-14 20:09:21,627:INFO:Initializing create_model()
2022-09-14 20:09:21,628:INFO:create_model(estimator=lr, fold=None, round=4, cross_validation=True, predict=True, fit_kwargs=None, groups=None, refit=True, verbose=True, system=True, metrics=None, experiment_custom_tags=None, add_to_model_list=True, probability_threshold=None, display=None, return_train_score=False, kwargs={})
2022-09-14 20:09:21,628:INFO:Checking exceptions
2022-09-14 20:09:21,628:INFO:Preparing display monitor
2022-09-14 20:09:21,652:INFO:Importing libraries
2022-09-14 20:09:21,652:INFO:Copying training dataset
2022-09-14 20:09:21,653:INFO:Defining folds
2022-09-14 20:09:21,653:INFO:Declaring metric variables
2022-09-14 20:09:21,676:INFO:Importing untrained model
2022-09-14 20:09:21,704:INFO:Linear Regression Imported succesfully
2022-09-14 20:09:21,769:INFO:Starting cross validation
2022-09-14 20:09:21,782:INFO:Cross validating with KFold(n_splits=10, random_state=None, shuffle=False), n_jobs=-1
2022-09-14 20:09:43,673:INFO:Calculating mean and std
2022-09-14 20:09:43,674:INFO:Creating metrics dataframe
2022-09-14 20:09:43,710:INFO:Finalizing model
2022-09-14 20:09:43,731:INFO:Uploading results into container
2022-09-14 20:09:43,731:INFO:Uploading model into container now
2022-09-14 20:09:43,732:INFO:create_model_container: 1
2022-09-14 20:09:43,732:INFO:master_model_container: 1
2022-09-14 20:09:43,733:INFO:display_container: 2
2022-09-14 20:09:43,733:INFO:LinearRegression(copy_X=True, fit_intercept=True, n_jobs=-1, normalize=False)
2022-09-14 20:09:43,734:INFO:create_model() succesfully completed......................................
2022-09-14 20:09:43,866:INFO:PyCaret Supervised Module
2022-09-14 20:09:43,866:INFO:ML Usecase: regression
2022-09-14 20:09:43,866:INFO:version 2.3.10
2022-09-14 20:09:43,866:INFO:Initializing setup()
2022-09-14 20:09:43,867:INFO:setup(target=charges, ml_usecase=regression, available_plots={'parameter': 'Hyperparameters', 'residuals': 'Residuals', 'error': 'Prediction Error', 'cooks': 'Cooks Distance', 'rfe': 'Feature Selection', 'learning': 'Learning Curve', 'manifold': 'Manifold Learning', 'vc': 'Validation Curve', 'feature': 'Feature Importance', 'feature_all': 'Feature Importance (All)', 'tree': 'Decision Tree', 'residuals_interactive': 'Interactive Residuals'}, train_size=0.7, test_data=None, preprocess=True, imputation_type=simple, iterative_imputation_iters=5, categorical_features=None, categorical_imputation=constant, categorical_iterative_imputer=lightgbm, ordinal_features=None, high_cardinality_features=None, high_cardinality_method=frequency, numeric_features=None, numeric_imputation=mean, numeric_iterative_imputer=lightgbm, date_features=None, ignore_features=None, normalize=True, normalize_method=zscore, transformation=False, transformation_method=yeo-johnson, handle_unknown_categorical=True, unknown_categorical_method=least_frequent, pca=False, pca_method=linear, pca_components=None, ignore_low_variance=False, combine_rare_levels=False, rare_level_threshold=0.1, bin_numeric_features=['age', 'bmi'], remove_outliers=False, outliers_threshold=0.05, remove_multicollinearity=False, multicollinearity_threshold=0.9, remove_perfect_collinearity=True, create_clusters=False, cluster_iter=20, polynomial_features=True, polynomial_degree=2, trigonometry_features=True, polynomial_threshold=0.1, group_features=None, group_names=None, feature_selection=False, feature_selection_threshold=0.8, feature_selection_method=classic, feature_interaction=True, feature_ratio=False, interaction_threshold=0.01, fix_imbalance=False, fix_imbalance_method=None, transform_target=False, transform_target_method=box-cox, data_split_shuffle=True, data_split_stratify=False, fold_strategy=kfold, fold=10, fold_shuffle=False, fold_groups=None, n_jobs=-1, use_gpu=False, custom_pipeline=None, html=True, session_id=123, log_experiment=False, experiment_name=None, experiment_custom_tags=None, log_plots=False, log_profile=False, log_data=False, silent=False, verbose=True, profile=False, profile_kwargs=None, display=None)
2022-09-14 20:09:43,867:INFO:Checking environment
2022-09-14 20:09:43,867:INFO:python_version: 3.8.5
2022-09-14 20:09:43,867:INFO:python_build: ('default', 'Sep  3 2020 21:29:08')
2022-09-14 20:09:43,867:INFO:machine: AMD64
2022-09-14 20:09:43,867:INFO:platform: Windows-10-10.0.19041-SP0
2022-09-14 20:09:43,867:INFO:Memory: svmem(total=17015463936, available=507445248, percent=97.0, used=16508018688, free=507445248)
2022-09-14 20:09:43,868:INFO:Physical Core: 4
2022-09-14 20:09:43,868:INFO:Logical Core: 8
2022-09-14 20:09:43,868:INFO:Checking libraries
2022-09-14 20:09:43,868:INFO:pd==1.2.0
2022-09-14 20:09:43,868:INFO:numpy==1.19.2
2022-09-14 20:09:43,868:INFO:sklearn==0.23.2
2022-09-14 20:09:43,868:INFO:lightgbm==3.3.2
2022-09-14 20:09:43,870:WARNING:catboost not found
2022-09-14 20:09:43,870:INFO:xgboost==0.90
2022-09-14 20:09:43,870:INFO:mlflow==1.28.0
2022-09-14 20:09:43,870:INFO:Checking Exceptions
2022-09-14 20:09:43,871:INFO:Declaring global variables
2022-09-14 20:09:43,871:INFO:USI: c18c
2022-09-14 20:09:43,871:INFO:pycaret_globals: {'y_train', '_internal_pipeline', 'transform_target_param', 'X', 'log_plots_param', 'fold_groups_param_full', 'fold_generator', 'imputation_classifier', '_all_metrics', 'n_jobs_param', 'transform_target_method_param', 'display_container', 'seed', 'X_train', 'y', 'gpu_param', 'fold_param', 'USI', 'imputation_regressor', 'fold_shuffle_param', 'fix_imbalance_param', 'data_before_preprocess', 'fix_imbalance_method_param', '_available_plots', 'y_test', 'create_model_container', 'iterative_imputation_iters_param', '_gpu_n_jobs_param', '_all_models_internal', 'prep_pipe', 'target_param', '_ml_usecase', '_all_models', 'experiment__', 'master_model_container', 'stratify_param', 'X_test', 'dashboard_logger', 'exp_name_log', 'html_param', 'fold_groups_param', 'pycaret_globals', 'logging_param'}
2022-09-14 20:09:43,871:INFO:Preparing display monitor
2022-09-14 20:09:43,871:INFO:Preparing display monitor
2022-09-14 20:09:43,890:INFO:Importing libraries
2022-09-14 20:09:43,890:INFO:Copying data for preprocessing
2022-09-14 20:09:43,899:INFO:Declaring preprocessing parameters
2022-09-14 20:09:43,902:INFO:Creating preprocessing pipeline
2022-09-14 20:09:43,916:INFO:Preprocessing pipeline created successfully
2022-09-14 20:09:43,917:ERROR:(Process Exit): setup has been interupted with user command 'quit'. setup must rerun.
2022-09-14 20:09:43,917:INFO:Creating global containers
2022-09-14 20:09:43,918:INFO:Internal pipeline: Pipeline(memory=None, steps=[('empty_step', 'passthrough')], verbose=False)
2022-09-14 20:10:08,246:WARNING:Wrong xgboost version. Expected xgboost>=1.1.0, got xgboost==0.90
2022-09-14 20:10:08,249:WARNING:Couldn't import catboost.CatBoostRegressor
2022-09-14 20:10:08,432:WARNING:Wrong xgboost version. Expected xgboost>=1.1.0, got xgboost==0.90
2022-09-14 20:10:08,433:WARNING:Couldn't import catboost.CatBoostRegressor
2022-09-14 20:10:08,434:INFO:Creating grid variables
2022-09-14 20:10:08,443:INFO:create_model_container: 0
2022-09-14 20:10:08,443:INFO:master_model_container: 0
2022-09-14 20:10:08,444:INFO:display_container: 1
2022-09-14 20:10:08,453:INFO:Pipeline(memory=None,
         steps=[('dtypes',
                 DataTypes_Auto_infer(categorical_features=[],
                                      display_types=True, features_todrop=[],
                                      id_columns=[], ml_usecase='regression',
                                      numerical_features=[], target='charges',
                                      time_features=[])),
                ('imputer',
                 Simple_Imputer(categorical_strategy='not_available',
                                fill_value_categorical=None,
                                fill_value_numerical=None,
                                numeric_strategy...
                ('dummy', Dummify(target='charges')),
                ('fix_perfect', Remove_100(target='charges')),
                ('clean_names', Clean_Colum_Names()),
                ('feature_select', 'passthrough'), ('fix_multi', 'passthrough'),
                ('dfs',
                 DFS_Classic(interactions=['multiply'], ml_usecase='regression',
                             n_jobs=-1, random_state=123, subclass='binary',
                             target='charges',
                             top_features_to_pick_percentage=None)),
                ('pca', 'passthrough')],
         verbose=False)
2022-09-14 20:10:08,454:INFO:setup() succesfully completed......................................
2022-09-14 20:10:08,567:INFO:Initializing create_model()
2022-09-14 20:10:08,567:INFO:create_model(estimator=lr, fold=None, round=4, cross_validation=True, predict=True, fit_kwargs=None, groups=None, refit=True, verbose=True, system=True, metrics=None, experiment_custom_tags=None, add_to_model_list=True, probability_threshold=None, display=None, return_train_score=False, kwargs={})
2022-09-14 20:10:08,567:INFO:Checking exceptions
2022-09-14 20:10:08,567:INFO:Preparing display monitor
2022-09-14 20:10:08,589:INFO:Importing libraries
2022-09-14 20:10:08,590:INFO:Copying training dataset
2022-09-14 20:10:08,591:INFO:Defining folds
2022-09-14 20:10:08,591:INFO:Declaring metric variables
2022-09-14 20:10:08,610:INFO:Importing untrained model
2022-09-14 20:10:08,635:INFO:Linear Regression Imported succesfully
2022-09-14 20:10:08,688:INFO:Starting cross validation
2022-09-14 20:10:08,690:INFO:Cross validating with KFold(n_splits=10, random_state=None, shuffle=False), n_jobs=-1
2022-09-14 20:10:08,823:INFO:Calculating mean and std
2022-09-14 20:10:08,824:INFO:Creating metrics dataframe
2022-09-14 20:10:08,857:INFO:Finalizing model
2022-09-14 20:10:08,880:INFO:Uploading results into container
2022-09-14 20:10:08,881:INFO:Uploading model into container now
2022-09-14 20:10:08,883:INFO:create_model_container: 1
2022-09-14 20:10:08,883:INFO:master_model_container: 1
2022-09-14 20:10:08,883:INFO:display_container: 2
2022-09-14 20:10:08,884:INFO:LinearRegression(copy_X=True, fit_intercept=True, n_jobs=-1, normalize=False)
2022-09-14 20:10:08,884:INFO:create_model() succesfully completed......................................
2022-09-14 20:10:09,053:INFO:Initializing save_model()
2022-09-14 20:10:09,053:INFO:save_model(model=LinearRegression(copy_X=True, fit_intercept=True, n_jobs=-1, normalize=False), model_name=deployment_28082022, prep_pipe_=Pipeline(memory=None,
         steps=[('dtypes',
                 DataTypes_Auto_infer(categorical_features=[],
                                      display_types=True, features_todrop=[],
                                      id_columns=[], ml_usecase='regression',
                                      numerical_features=[], target='charges',
                                      time_features=[])),
                ('imputer',
                 Simple_Imputer(categorical_strategy='not_available',
                                fill_value_categorical=None,
                                fill_value_numerical=None,
                                numeric_strategy...
                ('dummy', Dummify(target='charges')),
                ('fix_perfect', Remove_100(target='charges')),
                ('clean_names', Clean_Colum_Names()),
                ('feature_select', 'passthrough'), ('fix_multi', 'passthrough'),
                ('dfs',
                 DFS_Classic(interactions=['multiply'], ml_usecase='regression',
                             n_jobs=-1, random_state=123, subclass='binary',
                             target='charges',
                             top_features_to_pick_percentage=None)),
                ('pca', 'passthrough')],
         verbose=False), verbose=True, kwargs={})
2022-09-14 20:10:09,053:INFO:Adding model into prep_pipe
2022-09-14 20:10:09,110:INFO:deployment_28082022.pkl saved in current working directory
2022-09-14 20:10:09,128:INFO:Pipeline(memory=None,
         steps=[('dtypes',
                 DataTypes_Auto_infer(categorical_features=[],
                                      display_types=True, features_todrop=[],
                                      id_columns=[], ml_usecase='regression',
                                      numerical_features=[], target='charges',
                                      time_features=[])),
                ('imputer',
                 Simple_Imputer(categorical_strategy='not_available',
                                fill_value_categorical=None,
                                fill_value_numerical=None,
                                numeric_strategy...
                ('feature_select', 'passthrough'), ('fix_multi', 'passthrough'),
                ('dfs',
                 DFS_Classic(interactions=['multiply'], ml_usecase='regression',
                             n_jobs=-1, random_state=123, subclass='binary',
                             target='charges',
                             top_features_to_pick_percentage=None)),
                ('pca', 'passthrough'),
                ['trained_model',
                 LinearRegression(copy_X=True, fit_intercept=True, n_jobs=-1,
                                  normalize=False)]],
         verbose=False)
2022-09-14 20:10:09,129:INFO:save_model() successfully completed......................................
2022-09-14 20:11:11,833:INFO:Initializing load_model()
2022-09-14 20:11:11,834:INFO:load_model(model_name=deployment_28082022, platform=None, authentication=None, verbose=True)
2022-09-14 20:12:20,707:INFO:Initializing load_model()
2022-09-14 20:12:20,708:INFO:load_model(model_name=deployment_28082022, platform=None, authentication=None, verbose=True)
2022-09-14 20:12:33,865:INFO:Initializing load_model()
2022-09-14 20:12:33,866:INFO:load_model(model_name=deployment_28082022, platform=None, authentication=None, verbose=True)
2022-09-14 20:13:13,747:INFO:Initializing predict_model()
2022-09-14 20:13:13,747:INFO:predict_model(estimator=Pipeline(steps=[('dtypes',
                 DataTypes_Auto_infer(ml_usecase='regression',
                                      target='charges')),
                ('imputer',
                 Simple_Imputer(categorical_strategy='not_available',
                                fill_value_categorical=None,
                                fill_value_numerical=None,
                                numeric_strategy='mean',
                                target_variable=None)),
                ('new_levels1',
                 New_Catagorical_Levels_in_TestData(replacement_strategy='least '
                                                                         'frequent',
                                                    target=...
                ('fix_perfect', Remove_100(target='charges')),
                ('clean_names', Clean_Colum_Names()),
                ('feature_select', 'passthrough'), ('fix_multi', 'passthrough'),
                ('dfs',
                 DFS_Classic(interactions=['multiply'], ml_usecase='regression',
                             n_jobs=-1, random_state=123, subclass='binary',
                             target='charges',
                             top_features_to_pick_percentage=None)),
                ('pca', 'passthrough'),
                ['trained_model', LinearRegression(n_jobs=-1)]]), probability_threshold=None, encoded_labels=True, drift_report=False, raw_score=False, round=0, verbose=True, ml_usecase=MLUsecase.REGRESSION, display=None, drift_kwargs=None)
2022-09-14 20:13:13,748:INFO:Checking exceptions
2022-09-14 20:13:13,748:INFO:Preloading libraries
2022-09-14 20:13:29,116:INFO:Initializing load_model()
2022-09-14 20:13:29,117:INFO:load_model(model_name=deployment_28082022, platform=None, authentication=None, verbose=True)
2022-09-14 20:13:31,736:INFO:Initializing predict_model()
2022-09-14 20:13:31,737:INFO:predict_model(estimator=Pipeline(steps=[('dtypes',
                 DataTypes_Auto_infer(ml_usecase='regression',
                                      target='charges')),
                ('imputer',
                 Simple_Imputer(categorical_strategy='not_available',
                                fill_value_categorical=None,
                                fill_value_numerical=None,
                                numeric_strategy='mean',
                                target_variable=None)),
                ('new_levels1',
                 New_Catagorical_Levels_in_TestData(replacement_strategy='least '
                                                                         'frequent',
                                                    target=...
                ('fix_perfect', Remove_100(target='charges')),
                ('clean_names', Clean_Colum_Names()),
                ('feature_select', 'passthrough'), ('fix_multi', 'passthrough'),
                ('dfs',
                 DFS_Classic(interactions=['multiply'], ml_usecase='regression',
                             n_jobs=-1, random_state=123, subclass='binary',
                             target='charges',
                             top_features_to_pick_percentage=None)),
                ('pca', 'passthrough'),
                ['trained_model', LinearRegression(n_jobs=-1)]]), probability_threshold=None, encoded_labels=True, drift_report=False, raw_score=False, round=0, verbose=True, ml_usecase=MLUsecase.REGRESSION, display=None, drift_kwargs=None)
2022-09-14 20:13:31,737:INFO:Checking exceptions
2022-09-14 20:13:31,737:INFO:Preloading libraries
